<?xml version="1.0" encoding="UTF-8"?>
<testng-results ignored="0" total="1" passed="1" failed="0" skipped="0">
  <reporter-output>
  </reporter-output>
  <suite started-at="2025-07-31T21:44:35 EDT" name="Suite" finished-at="2025-07-31T21:44:46 EDT" duration-ms="11414">
    <groups>
    </groups>
    <test started-at="2025-07-31T21:44:35 EDT" name="Test" finished-at="2025-07-31T21:44:46 EDT" duration-ms="11414">
      <class name="testCases.AlertsnPopups_TC">
        <test-method is-config="true" signature="setup(java.lang.String,java.lang.String)[pri:0, instance:testCases.AlertsnPopups_TC@7b9a4292]" started-at="2025-07-31T21:44:35 EDT" name="setup" finished-at="2025-07-31T21:44:38 EDT" duration-ms="3283" status="PASS">
          <params>
            <param index="0">
              <value>
                <![CDATA[Windows]]>
              </value>
            </param>
            <param index="1">
              <value>
                <![CDATA[chrome]]>
              </value>
            </param>
          </params>
          <reporter-output>
          </reporter-output>
        </test-method> <!-- setup -->
        <test-method signature="Alertsnpopups()[pri:0, instance:testCases.AlertsnPopups_TC@7b9a4292]" started-at="2025-07-31T21:44:38 EDT" name="Alertsnpopups" finished-at="2025-07-31T21:44:46 EDT" duration-ms="8101" status="PASS">
          <reporter-output>
          </reporter-output>
        </test-method> <!-- Alertsnpopups -->
      </class> <!-- testCases.AlertsnPopups_TC -->
    </test> <!-- Test -->
  </suite> <!-- Suite -->
</testng-results>
