<?xml version="1.0" encoding="UTF-8"?>
<testsuite xmlns:xsi="http://www.w3.org/2001/XMLSchema-instance" xsi:noNamespaceSchemaLocation="https://maven.apache.org/surefire/maven-surefire-plugin/xsd/surefire-test-report-3.0.xsd" version="3.0" name="TestSuite" time="11.863" tests="1" errors="0" skipped="0" failures="0">
  <properties>
[...]
</properties>
  <testcase name="Alertsnpopups" classname="testCases.AlertsnPopups_TC" time="8.102">
    <system-out><![CDATA[I am an alert box!
Press a button!
Please enter your name:
Hello Kanthi! How are you today?
Main window page title: 1176B985711E7CE6F4CF24B83B28B300Automation Testing Practice
New tab window page title: BEADD088AB7DDD2F8B8252E2650B7C3ESDET-QA Blog
Main window page title: 1176B985711E7CE6F4CF24B83B28B300Automation Testing Practice
New Pop up window page title: 613DB23085AE51D9B87E9A6314DD25F3Selenium
New Pop up window page title: AFAB82960FD3339FB14F438A1071CA53Fast and reliable end-to-end testing for modern web apps | Playwright
]]></system-out>
    <system-err><![CDATA[SLF4J(W): No SLF4J providers were found.
SLF4J(W): Defaulting to no-operation (NOP) logger implementation
SLF4J(W): See https://www.slf4j.org/codes.html#noProviders for further details.
Jul 31, 2025 9:44:38 PM org.openqa.selenium.devtools.CdpVersionFinder findNearestMatch
WARNING: Unable to find CDP implementation matching 138
Jul 31, 2025 9:44:38 PM org.openqa.selenium.chromium.ChromiumDriver lambda$new$5
WARNING: Unable to find version of CDP to use for 138.0.7204.184. You may need to include a dependency on a specific version of the CDP using something similar to `org.seleniumhq.selenium:selenium-devtools-v86:4.15.0` where the version ("v86") matches the version of the chromium-based browser you're using and the version number of the artifact is the same as Selenium's.
]]></system-err>
  </testcase>
</testsuite>